<?xml version="1.0" encoding="UTF-8"?>
<!-- Generated by org.testng.reporters.JUnitReportReporter -->
<testsuite skipped="0" hostname="DESKTOP-DJUCTJM" name="com.learnerhub.testcases.TC003_VerifyLoginDetail" tests="1" failures="0" timestamp="2023-06-18T16:57:27 IST" time="32.395" errors="0">
  <testcase name="runLogin" time="32.395" classname="com.learnerhub.testcases.TC003_VerifyLoginDetail"/>
  <system-out/>
</testsuite> <!-- com.learnerhub.testcases.TC003_VerifyLoginDetail -->
