<?xml version="1.0" encoding="UTF-8"?>
<!-- Generated by org.testng.reporters.JUnitReportReporter -->
<testsuite skipped="0" hostname="DESKTOP-DJUCTJM" name="com.learnerhub.testcases.TC003_WelcomeMessage" tests="1" failures="0" timestamp="2023-06-18T19:08:38 IST" time="24.625" errors="0">
  <testcase name="runLogin" time="24.625" classname="com.learnerhub.testcases.TC003_WelcomeMessage"/>
  <system-out/>
</testsuite> <!-- com.learnerhub.testcases.TC003_WelcomeMessage -->
